<?xml version="1.0" encoding="UTF-8"?>
<!-- Generated by org.testng.reporters.JUnitXMLReporter -->
<testsuite hostname="vinay" ignored="0" name="Pending Leave Request" tests="1" failures="1" timestamp="12 Jul 2022 10:39:51 GMT" time="6.29" errors="0">
  <testcase name="verifyRecords" time="6.176" classname="TestCases.Test_PendingLeaveRequest">
    <failure type="java.lang.AssertionError" message="expected [No Records are Available] but found [01. Ranveer Singh 01-07-2022]">
      <![CDATA[java.lang.AssertionError: expected [No Records are Available] but found [01. Ranveer Singh 01-07-2022]
at TestCases.Test_PendingLeaveRequest.leaverequest(Test_PendingLeaveRequest.java:22)
at TestCases.Test_PendingLeaveRequest.verifyRecords(Test_PendingLeaveRequest.java:30)
... Removed 31 stack frames]]>
    </failure>
  </testcase> <!-- verifyRecords -->
</testsuite> <!-- Pending Leave Request -->
