<?xml version="1.0" encoding="UTF-8"?>
<!-- Generated by org.testng.reporters.JUnitXMLReporter -->
<testsuite hostname="vinay" ignored="2" name="Test" tests="2" failures="0" timestamp="12 Jul 2022 14:04:08 GMT" time="12.257" errors="0">
  <testcase name="verifyRecords" time="6.726" classname="TestCases.Test_PendingLeaveRequest"/>
  <testcase name="userInfo" time="5.449" classname="TestCases.Test_UserRole"/>
  <testcase name="@BeforeSuite launchBrowser" time="0.0" classname="CommonFunctions.functions">
    <ignored/>
  </testcase> <!-- @BeforeSuite launchBrowser -->
  <testcase name="@AfterSuite tearDown" time="0.0" classname="CommonFunctions.functions">
    <ignored/>
  </testcase> <!-- @AfterSuite tearDown -->
</testsuite> <!-- Test -->
